#
# There is insufficient memory for the Java Runtime Environment to continue.
# Native memory allocation (malloc) failed to allocate 399008 bytes for Chunk::new
# Possible reasons:
#   The system is out of physical RAM or swap space
#   The process is running with CompressedOops enabled, and the Java Heap may be blocking the growth of the native heap
# Possible solutions:
#   Reduce memory load on the system
#   Increase physical memory or swap space
#   Check if swap backing store is full
#   Decrease Java heap size (-Xmx/-Xms)
#   Decrease number of Java threads
#   Decrease Java thread stack sizes (-Xss)
#   Set larger code cache with -XX:ReservedCodeCacheSize=
#   JVM is running with Zero Based Compressed Oops mode in which the Java heap is
#     placed in the first 32GB address space. The Java Heap base address is the
#     maximum limit for the native heap growth. Please use -XX:HeapBaseMinAddress
#     to set the Java Heap base and to place the Java Heap above 32GB virtual address.
# This output file may be truncated or incomplete.
#
#  Out of Memory Error (arena.cpp:189), pid=33824, tid=33992
#
# JRE version: OpenJDK Runtime Environment JBR-17.0.5+1-653.25-jcef (17.0.5+1) (build 17.0.5+1-b653.25)
# Java VM: OpenJDK 64-Bit Server VM JBR-17.0.5+1-653.25-jcef (17.0.5+1-b653.25, mixed mode, tiered, compressed oops, compressed class ptrs, g1 gc, windows-amd64)
# No core dump will be written. Minidumps are not enabled by default on client versions of Windows
#

---------------  S U M M A R Y ------------

Command Line: git4idea.http.GitAskPassApp Password for 'http://192.168.51.62': 

Host: 11th Gen Intel(R) Core(TM) i5-1135G7 @ 2.40GHz, 8 cores, 15G,  Windows 10 , 64 bit Build 19041 (10.0.19041.2546)
Time: Thu Mar 16 10:51:06 2023  Windows 10 , 64 bit Build 19041 (10.0.19041.2546) elapsed time: 0.786512 seconds (0d 0h 0m 0s)

---------------  T H R E A D  ---------------

Current thread (0x000002457d8a2c00):  JavaThread "C2 CompilerThread0" daemon [_thread_in_native, id=33992, stack(0x0000009a8a900000,0x0000009a8aa00000)]


Current CompileTask:
C2:    786  163       4       java.util.zip.ZipFile$Source::initCEN (591 bytes)

Stack: [0x0000009a8a900000,0x0000009a8aa00000]
Native frames: (J=compiled Java code, j=interpreted, Vv=VM code, C=native code)
V  [jvm.dll+0x6830ca]
V  [jvm.dll+0x83f4c4]
V  [jvm.dll+0x840c6e]
V  [jvm.dll+0x8412d3]
V  [jvm.dll+0x2490b5]
V  [jvm.dll+0xabd5c]
V  [jvm.dll+0xac32c]
V  [jvm.dll+0x3680d7]
V  [jvm.dll+0x1bc7e8]
V  [jvm.dll+0x21b8b9]
V  [jvm.dll+0x21ab81]
V  [jvm.dll+0x1a470d]
V  [jvm.dll+0x22a5f8]
V  [jvm.dll+0x2286b9]
V  [jvm.dll+0x7f4eac]
V  [jvm.dll+0x7ef40a]
V  [jvm.dll+0x681f05]
C  [ucrtbase.dll+0x21bb2]
C  [KERNEL32.DLL+0x17614]
C  [ntdll.dll+0x526a1]


---------------  P R O C E S S  ---------------

Threads class SMR info:
_java_thread_list=0x000002457da27370, length=12, elements={
0x000002455e4c0950, 0x000002457d81f6c0, 0x000002457d820180, 0x000002457d87a4b0,
0x000002457d87ae60, 0x000002457d87b810, 0x000002457d8a2010, 0x000002457d8a2c00,
0x000002457d8a3500, 0x000002457d8a5f00, 0x000002457da1dc20, 0x000002457da34130
}

Java Threads: ( => current thread )
  0x000002455e4c0950 JavaThread "main" [_thread_in_vm, id=23004, stack(0x0000009a89b00000,0x0000009a89c00000)]
  0x000002457d81f6c0 JavaThread "Reference Handler" daemon [_thread_blocked, id=31764, stack(0x0000009a8a200000,0x0000009a8a300000)]
  0x000002457d820180 JavaThread "Finalizer" daemon [_thread_blocked, id=30868, stack(0x0000009a8a300000,0x0000009a8a400000)]
  0x000002457d87a4b0 JavaThread "Signal Dispatcher" daemon [_thread_blocked, id=31644, stack(0x0000009a8a500000,0x0000009a8a600000)]
  0x000002457d87ae60 JavaThread "Attach Listener" daemon [_thread_blocked, id=36516, stack(0x0000009a8a600000,0x0000009a8a700000)]
  0x000002457d87b810 JavaThread "Service Thread" daemon [_thread_blocked, id=37788, stack(0x0000009a8a700000,0x0000009a8a800000)]
  0x000002457d8a2010 JavaThread "Monitor Deflation Thread" daemon [_thread_blocked, id=38468, stack(0x0000009a8a800000,0x0000009a8a900000)]
=>0x000002457d8a2c00 JavaThread "C2 CompilerThread0" daemon [_thread_in_native, id=33992, stack(0x0000009a8a900000,0x0000009a8aa00000)]
  0x000002457d8a3500 JavaThread "C1 CompilerThread0" daemon [_thread_blocked, id=37204, stack(0x0000009a8aa00000,0x0000009a8ab00000)]
  0x000002457d8a5f00 JavaThread "Sweeper thread" daemon [_thread_blocked, id=28148, stack(0x0000009a8ab00000,0x0000009a8ac00000)]
  0x000002457da1dc20 JavaThread "Notification Thread" daemon [_thread_blocked, id=38052, stack(0x0000009a8ac00000,0x0000009a8ad00000)]
  0x000002457da34130 JavaThread "Common-Cleaner" daemon [_thread_blocked, id=39284, stack(0x0000009a8ae00000,0x0000009a8af00000)]

Other Threads:
  0x000002457cf1e3e0 VMThread "VM Thread" [stack: 0x0000009a8a100000,0x0000009a8a200000] [id=21444]
  0x000002455e551e80 WatcherThread [stack: 0x0000009a8ad00000,0x0000009a8ae00000] [id=36332]
  0x000002455e52a8b0 GCTaskThread "GC Thread#0" [stack: 0x0000009a89c00000,0x0000009a89d00000] [id=36544]
  0x000002455e53b300 ConcurrentGCThread "G1 Main Marker" [stack: 0x0000009a89d00000,0x0000009a89e00000] [id=36920]
  0x000002455e53c4b0 ConcurrentGCThread "G1 Conc#0" [stack: 0x0000009a89e00000,0x0000009a89f00000] [id=19796]
  0x000002457cdac520 ConcurrentGCThread "G1 Refine#0" [stack: 0x0000009a89f00000,0x0000009a8a000000] [id=23560]
  0x000002457cdacf40 ConcurrentGCThread "G1 Service" [stack: 0x0000009a8a000000,0x0000009a8a100000] [id=33200]

Threads with active compile tasks:
C2 CompilerThread0      818  163       4       java.util.zip.ZipFile$Source::initCEN (591 bytes)

VM state: not at safepoint (normal execution)

VM Mutex/Monitor currently owned by a thread: None

Heap address: 0x0000000704e00000, size: 4018 MB, Compressed Oops mode: Zero based, Oop shift amount: 3

CDS archive(s) not mapped
Compressed class space mapped at: 0x0000000800000000-0x0000000840000000, reserved size: 1073741824
Narrow klass base: 0x0000000800000000, Narrow klass shift: 0, Narrow klass range: 0x40000000

GC Precious Log:
 CPUs: 8 total, 8 available
 Memory: 16064M
 Large Page Support: Disabled
 NUMA Support: Disabled
 Compressed Oops: Enabled (Zero based)
 Heap Region Size: 2M
 Heap Min Capacity: 8M
 Heap Initial Capacity: 252M
 Heap Max Capacity: 4018M
 Pre-touch: Disabled
 Parallel Workers: 8
 Concurrent Workers: 2
 Concurrent Refinement Workers: 8
 Periodic GC: Disabled

Heap:
 garbage-first heap   total 258048K, used 20480K [0x0000000704e00000, 0x0000000800000000)
  region size 2048K, 2 young (4096K), 0 survivors (0K)
 Metaspace       used 7198K, committed 7360K, reserved 1056768K
  class space    used 631K, committed 704K, reserved 1048576K

Heap Regions: E=young(eden), S=young(survivor), O=old, HS=humongous(starts), HC=humongous(continues), CS=collection set, F=free, OA=open archive, CA=closed archive, TAMS=top-at-mark-start (previous, next)
|   0|0x0000000704e00000, 0x0000000705000000, 0x0000000705000000|100%|HS|  |TAMS 0x0000000704e00000, 0x0000000704e00000| Complete 
|   1|0x0000000705000000, 0x0000000705200000, 0x0000000705200000|100%|HC|  |TAMS 0x0000000705000000, 0x0000000705000000| Complete 
|   2|0x0000000705200000, 0x0000000705400000, 0x0000000705400000|100%|HC|  |TAMS 0x0000000705200000, 0x0000000705200000| Complete 
|   3|0x0000000705400000, 0x0000000705600000, 0x0000000705600000|100%|HC|  |TAMS 0x0000000705400000, 0x0000000705400000| Complete 
|   4|0x0000000705600000, 0x0000000705800000, 0x0000000705800000|100%|HC|  |TAMS 0x0000000705600000, 0x0000000705600000| Complete 
|   5|0x0000000705800000, 0x0000000705a00000, 0x0000000705a00000|100%|HC|  |TAMS 0x0000000705800000, 0x0000000705800000| Complete 
|   6|0x0000000705a00000, 0x0000000705c00000, 0x0000000705c00000|100%|HS|  |TAMS 0x0000000705a00000, 0x0000000705a00000| Complete 
|   7|0x0000000705c00000, 0x0000000705e00000, 0x0000000705e00000|100%|HS|  |TAMS 0x0000000705c00000, 0x0000000705c00000| Complete 
|   8|0x0000000705e00000, 0x0000000706000000, 0x0000000706000000|100%|HC|  |TAMS 0x0000000705e00000, 0x0000000705e00000| Complete 
|   9|0x0000000706000000, 0x0000000706000000, 0x0000000706200000|  0%| F|  |TAMS 0x0000000706000000, 0x0000000706000000| Untracked 
|  10|0x0000000706200000, 0x0000000706200000, 0x0000000706400000|  0%| F|  |TAMS 0x0000000706200000, 0x0000000706200000| Untracked 
|  11|0x0000000706400000, 0x0000000706400000, 0x0000000706600000|  0%| F|  |TAMS 0x0000000706400000, 0x0000000706400000| Untracked 
|  12|0x0000000706600000, 0x0000000706600000, 0x0000000706800000|  0%| F|  |TAMS 0x0000000706600000, 0x0000000706600000| Untracked 
|  13|0x0000000706800000, 0x0000000706800000, 0x0000000706a00000|  0%| F|  |TAMS 0x0000000706800000, 0x0000000706800000| Untracked 
|  14|0x0000000706a00000, 0x0000000706a00000, 0x0000000706c00000|  0%| F|  |TAMS 0x0000000706a00000, 0x0000000706a00000| Untracked 
|  15|0x0000000706c00000, 0x0000000706c00000, 0x0000000706e00000|  0%| F|  |TAMS 0x0000000706c00000, 0x0000000706c00000| Untracked 
|  16|0x0000000706e00000, 0x0000000706e00000, 0x0000000707000000|  0%| F|  |TAMS 0x0000000706e00000, 0x0000000706e00000| Untracked 
|  17|0x0000000707000000, 0x0000000707000000, 0x0000000707200000|  0%| F|  |TAMS 0x0000000707000000, 0x0000000707000000| Untracked 
|  18|0x0000000707200000, 0x0000000707200000, 0x0000000707400000|  0%| F|  |TAMS 0x0000000707200000, 0x0000000707200000| Untracked 
|  19|0x0000000707400000, 0x0000000707400000, 0x0000000707600000|  0%| F|  |TAMS 0x0000000707400000, 0x0000000707400000| Untracked 
|  20|0x0000000707600000, 0x0000000707600000, 0x0000000707800000|  0%| F|  |TAMS 0x0000000707600000, 0x0000000707600000| Untracked 
|  21|0x0000000707800000, 0x0000000707800000, 0x0000000707a00000|  0%| F|  |TAMS 0x0000000707800000, 0x0000000707800000| Untracked 
|  22|0x0000000707a00000, 0x0000000707a00000, 0x0000000707c00000|  0%| F|  |TAMS 0x0000000707a00000, 0x0000000707a00000| Untracked 
|  23|0x0000000707c00000, 0x0000000707c00000, 0x0000000707e00000|  0%| F|  |TAMS 0x0000000707c00000, 0x0000000707c00000| Untracked 
|  24|0x0000000707e00000, 0x0000000707e00000, 0x0000000708000000|  0%| F|  |TAMS 0x0000000707e00000, 0x0000000707e00000| Untracked 
|  25|0x0000000708000000, 0x0000000708000000, 0x0000000708200000|  0%| F|  |TAMS 0x0000000708000000, 0x0000000708000000| Untracked 
|  26|0x0000000708200000, 0x0000000708200000, 0x0000000708400000|  0%| F|  |TAMS 0x0000000708200000, 0x0000000708200000| Untracked 
|  27|0x0000000708400000, 0x0000000708400000, 0x0000000708600000|  0%| F|  |TAMS 0x0000000708400000, 0x0000000708400000| Untracked 
|  28|0x0000000708600000, 0x0000000708600000, 0x0000000708800000|  0%| F|  |TAMS 0x0000000708600000, 0x0000000708600000| Untracked 
|  29|0x0000000708800000, 0x0000000708800000, 0x0000000708a00000|  0%| F|  |TAMS 0x0000000708800000, 0x0000000708800000| Untracked 
|  30|0x0000000708a00000, 0x0000000708a00000, 0x0000000708c00000|  0%| F|  |TAMS 0x0000000708a00000, 0x0000000708a00000| Untracked 
|  31|0x0000000708c00000, 0x0000000708c00000, 0x0000000708e00000|  0%| F|  |TAMS 0x0000000708c00000, 0x0000000708c00000| Untracked 
|  32|0x0000000708e00000, 0x0000000708e00000, 0x0000000709000000|  0%| F|  |TAMS 0x0000000708e00000, 0x0000000708e00000| Untracked 
|  33|0x0000000709000000, 0x0000000709000000, 0x0000000709200000|  0%| F|  |TAMS 0x0000000709000000, 0x0000000709000000| Untracked 
|  34|0x0000000709200000, 0x0000000709200000, 0x0000000709400000|  0%| F|  |TAMS 0x0000000709200000, 0x0000000709200000| Untracked 
|  35|0x0000000709400000, 0x0000000709400000, 0x0000000709600000|  0%| F|  |TAMS 0x0000000709400000, 0x0000000709400000| Untracked 
|  36|0x0000000709600000, 0x0000000709600000, 0x0000000709800000|  0%| F|  |TAMS 0x0000000709600000, 0x0000000709600000| Untracked 
|  37|0x0000000709800000, 0x0000000709800000, 0x0000000709a00000|  0%| F|  |TAMS 0x0000000709800000, 0x0000000709800000| Untracked 
|  38|0x0000000709a00000, 0x0000000709a00000, 0x0000000709c00000|  0%| F|  |TAMS 0x0000000709a00000, 0x0000000709a00000| Untracked 
|  39|0x0000000709c00000, 0x0000000709c00000, 0x0000000709e00000|  0%| F|  |TAMS 0x0000000709c00000, 0x0000000709c00000| Untracked 
|  40|0x0000000709e00000, 0x0000000709e00000, 0x000000070a000000|  0%| F|  |TAMS 0x0000000709e00000, 0x0000000709e00000| Untracked 
|  41|0x000000070a000000, 0x000000070a000000, 0x000000070a200000|  0%| F|  |TAMS 0x000000070a000000, 0x000000070a000000| Untracked 
|  42|0x000000070a200000, 0x000000070a200000, 0x000000070a400000|  0%| F|  |TAMS 0x000000070a200000, 0x000000070a200000| Untracked 
|  43|0x000000070a400000, 0x000000070a400000, 0x000000070a600000|  0%| F|  |TAMS 0x000000070a400000, 0x000000070a400000| Untracked 
|  44|0x000000070a600000, 0x000000070a600000, 0x000000070a800000|  0%| F|  |TAMS 0x000000070a600000, 0x000000070a600000| Untracked 
|  45|0x000000070a800000, 0x000000070a800000, 0x000000070aa00000|  0%| F|  |TAMS 0x000000070a800000, 0x000000070a800000| Untracked 
|  46|0x000000070aa00000, 0x000000070aa00000, 0x000000070ac00000|  0%| F|  |TAMS 0x000000070aa00000, 0x000000070aa00000| Untracked 
|  47|0x000000070ac00000, 0x000000070ac00000, 0x000000070ae00000|  0%| F|  |TAMS 0x000000070ac00000, 0x000000070ac00000| Untracked 
|  48|0x000000070ae00000, 0x000000070ae00000, 0x000000070b000000|  0%| F|  |TAMS 0x000000070ae00000, 0x000000070ae00000| Untracked 
|  49|0x000000070b000000, 0x000000070b000000, 0x000000070b200000|  0%| F|  |TAMS 0x000000070b000000, 0x000000070b000000| Untracked 
|  50|0x000000070b200000, 0x000000070b200000, 0x000000070b400000|  0%| F|  |TAMS 0x000000070b200000, 0x000000070b200000| Untracked 
|  51|0x000000070b400000, 0x000000070b400000, 0x000000070b600000|  0%| F|  |TAMS 0x000000070b400000, 0x000000070b400000| Untracked 
|  52|0x000000070b600000, 0x000000070b600000, 0x000000070b800000|  0%| F|  |TAMS 0x000000070b600000, 0x000000070b600000| Untracked 
|  53|0x000000070b800000, 0x000000070b800000, 0x000000070ba00000|  0%| F|  |TAMS 0x000000070b800000, 0x000000070b800000| Untracked 
|  54|0x000000070ba00000, 0x000000070ba00000, 0x000000070bc00000|  0%| F|  |TAMS 0x000000070ba00000, 0x000000070ba00000| Untracked 
|  55|0x000000070bc00000, 0x000000070bc00000, 0x000000070be00000|  0%| F|  |TAMS 0x000000070bc00000, 0x000000070bc00000| Untracked 
|  56|0x000000070be00000, 0x000000070be00000, 0x000000070c000000|  0%| F|  |TAMS 0x000000070be00000, 0x000000070be00000| Untracked 
|  57|0x000000070c000000, 0x000000070c000000, 0x000000070c200000|  0%| F|  |TAMS 0x000000070c000000, 0x000000070c000000| Untracked 
|  58|0x000000070c200000, 0x000000070c200000, 0x000000070c400000|  0%| F|  |TAMS 0x000000070c200000, 0x000000070c200000| Untracked 
|  59|0x000000070c400000, 0x000000070c400000, 0x000000070c600000|  0%| F|  |TAMS 0x000000070c400000, 0x000000070c400000| Untracked 
|  60|0x000000070c600000, 0x000000070c600000, 0x000000070c800000|  0%| F|  |TAMS 0x000000070c600000, 0x000000070c600000| Untracked 
|  61|0x000000070c800000, 0x000000070c800000, 0x000000070ca00000|  0%| F|  |TAMS 0x000000070c800000, 0x000000070c800000| Untracked 
|  62|0x000000070ca00000, 0x000000070ca00000, 0x000000070cc00000|  0%| F|  |TAMS 0x000000070ca00000, 0x000000070ca00000| Untracked 
|  63|0x000000070cc00000, 0x000000070cc00000, 0x000000070ce00000|  0%| F|  |TAMS 0x000000070cc00000, 0x000000070cc00000| Untracked 
|  64|0x000000070ce00000, 0x000000070ce00000, 0x000000070d000000|  0%| F|  |TAMS 0x000000070ce00000, 0x000000070ce00000| Untracked 
|  65|0x000000070d000000, 0x000000070d000000, 0x000000070d200000|  0%| F|  |TAMS 0x000000070d000000, 0x000000070d000000| Untracked 
|  66|0x000000070d200000, 0x000000070d200000, 0x000000070d400000|  0%| F|  |TAMS 0x000000070d200000, 0x000000070d200000| Untracked 
|  67|0x000000070d400000, 0x000000070d400000, 0x000000070d600000|  0%| F|  |TAMS 0x000000070d400000, 0x000000070d400000| Untracked 
|  68|0x000000070d600000, 0x000000070d600000, 0x000000070d800000|  0%| F|  |TAMS 0x000000070d600000, 0x000000070d600000| Untracked 
|  69|0x000000070d800000, 0x000000070d800000, 0x000000070da00000|  0%| F|  |TAMS 0x000000070d800000, 0x000000070d800000| Untracked 
|  70|0x000000070da00000, 0x000000070da00000, 0x000000070dc00000|  0%| F|  |TAMS 0x000000070da00000, 0x000000070da00000| Untracked 
|  71|0x000000070dc00000, 0x000000070dc00000, 0x000000070de00000|  0%| F|  |TAMS 0x000000070dc00000, 0x000000070dc00000| Untracked 
|  72|0x000000070de00000, 0x000000070de00000, 0x000000070e000000|  0%| F|  |TAMS 0x000000070de00000, 0x000000070de00000| Untracked 
|  73|0x000000070e000000, 0x000000070e000000, 0x000000070e200000|  0%| F|  |TAMS 0x000000070e000000, 0x000000070e000000| Untracked 
|  74|0x000000070e200000, 0x000000070e200000, 0x000000070e400000|  0%| F|  |TAMS 0x000000070e200000, 0x000000070e200000| Untracked 
|  75|0x000000070e400000, 0x000000070e400000, 0x000000070e600000|  0%| F|  |TAMS 0x000000070e400000, 0x000000070e400000| Untracked 
|  76|0x000000070e600000, 0x000000070e600000, 0x000000070e800000|  0%| F|  |TAMS 0x000000070e600000, 0x000000070e600000| Untracked 
|  77|0x000000070e800000, 0x000000070e800000, 0x000000070ea00000|  0%| F|  |TAMS 0x000000070e800000, 0x000000070e800000| Untracked 
|  78|0x000000070ea00000, 0x000000070ea00000, 0x000000070ec00000|  0%| F|  |TAMS 0x000000070ea00000, 0x000000070ea00000| Untracked 
|  79|0x000000070ec00000, 0x000000070ec00000, 0x000000070ee00000|  0%| F|  |TAMS 0x000000070ec00000, 0x000000070ec00000| Untracked 
|  80|0x000000070ee00000, 0x000000070ee00000, 0x000000070f000000|  0%| F|  |TAMS 0x000000070ee00000, 0x000000070ee00000| Untracked 
|  81|0x000000070f000000, 0x000000070f000000, 0x000000070f200000|  0%| F|  |TAMS 0x000000070f000000, 0x000000070f000000| Untracked 
|  82|0x000000070f200000, 0x000000070f200000, 0x000000070f400000|  0%| F|  |TAMS 0x000000070f200000, 0x000000070f200000| Untracked 
|  83|0x000000070f400000, 0x000000070f400000, 0x000000070f600000|  0%| F|  |TAMS 0x000000070f400000, 0x000000070f400000| Untracked 
|  84|0x000000070f600000, 0x000000070f600000, 0x000000070f800000|  0%| F|  |TAMS 0x000000070f600000, 0x000000070f600000| Untracked 
|  85|0x000000070f800000, 0x000000070f800000, 0x000000070fa00000|  0%| F|  |TAMS 0x000000070f800000, 0x000000070f800000| Untracked 
|  86|0x000000070fa00000, 0x000000070fa00000, 0x000000070fc00000|  0%| F|  |TAMS 0x000000070fa00000, 0x000000070fa00000| Untracked 
|  87|0x000000070fc00000, 0x000000070fc00000, 0x000000070fe00000|  0%| F|  |TAMS 0x000000070fc00000, 0x000000070fc00000| Untracked 
|  88|0x000000070fe00000, 0x000000070fe00000, 0x0000000710000000|  0%| F|  |TAMS 0x000000070fe00000, 0x000000070fe00000| Untracked 
|  89|0x0000000710000000, 0x0000000710000000, 0x0000000710200000|  0%| F|  |TAMS 0x0000000710000000, 0x0000000710000000| Untracked 
|  90|0x0000000710200000, 0x0000000710200000, 0x0000000710400000|  0%| F|  |TAMS 0x0000000710200000, 0x0000000710200000| Untracked 
|  91|0x0000000710400000, 0x0000000710400000, 0x0000000710600000|  0%| F|  |TAMS 0x0000000710400000, 0x0000000710400000| Untracked 
|  92|0x0000000710600000, 0x0000000710600000, 0x0000000710800000|  0%| F|  |TAMS 0x0000000710600000, 0x0000000710600000| Untracked 
|  93|0x0000000710800000, 0x0000000710800000, 0x0000000710a00000|  0%| F|  |TAMS 0x0000000710800000, 0x0000000710800000| Untracked 
|  94|0x0000000710a00000, 0x0000000710a00000, 0x0000000710c00000|  0%| F|  |TAMS 0x0000000710a00000, 0x0000000710a00000| Untracked 
|  95|0x0000000710c00000, 0x0000000710c00000, 0x0000000710e00000|  0%| F|  |TAMS 0x0000000710c00000, 0x0000000710c00000| Untracked 
|  96|0x0000000710e00000, 0x0000000710e00000, 0x0000000711000000|  0%| F|  |TAMS 0x0000000710e00000, 0x0000000710e00000| Untracked 
|  97|0x0000000711000000, 0x0000000711000000, 0x0000000711200000|  0%| F|  |TAMS 0x0000000711000000, 0x0000000711000000| Untracked 
|  98|0x0000000711200000, 0x0000000711200000, 0x0000000711400000|  0%| F|  |TAMS 0x0000000711200000, 0x0000000711200000| Untracked 
|  99|0x0000000711400000, 0x0000000711400000, 0x0000000711600000|  0%| F|  |TAMS 0x0000000711400000, 0x0000000711400000| Untracked 
| 100|0x0000000711600000, 0x0000000711600000, 0x0000000711800000|  0%| F|  |TAMS 0x0000000711600000, 0x0000000711600000| Untracked 
| 101|0x0000000711800000, 0x0000000711800000, 0x0000000711a00000|  0%| F|  |TAMS 0x0000000711800000, 0x0000000711800000| Untracked 
| 102|0x0000000711a00000, 0x0000000711a00000, 0x0000000711c00000|  0%| F|  |TAMS 0x0000000711a00000, 0x0000000711a00000| Untracked 
| 103|0x0000000711c00000, 0x0000000711c00000, 0x0000000711e00000|  0%| F|  |TAMS 0x0000000711c00000, 0x0000000711c00000| Untracked 
| 104|0x0000000711e00000, 0x0000000711e00000, 0x0000000712000000|  0%| F|  |TAMS 0x0000000711e00000, 0x0000000711e00000| Untracked 
| 105|0x0000000712000000, 0x0000000712000000, 0x0000000712200000|  0%| F|  |TAMS 0x0000000712000000, 0x0000000712000000| Untracked 
| 106|0x0000000712200000, 0x0000000712200000, 0x0000000712400000|  0%| F|  |TAMS 0x0000000712200000, 0x0000000712200000| Untracked 
| 107|0x0000000712400000, 0x0000000712400000, 0x0000000712600000|  0%| F|  |TAMS 0x0000000712400000, 0x0000000712400000| Untracked 
| 108|0x0000000712600000, 0x0000000712600000, 0x0000000712800000|  0%| F|  |TAMS 0x0000000712600000, 0x0000000712600000| Untracked 
| 109|0x0000000712800000, 0x0000000712800000, 0x0000000712a00000|  0%| F|  |TAMS 0x0000000712800000, 0x0000000712800000| Untracked 
| 110|0x0000000712a00000, 0x0000000712a00000, 0x0000000712c00000|  0%| F|  |TAMS 0x0000000712a00000, 0x0000000712a00000| Untracked 
| 111|0x0000000712c00000, 0x0000000712c00000, 0x0000000712e00000|  0%| F|  |TAMS 0x0000000712c00000, 0x0000000712c00000| Untracked 
| 112|0x0000000712e00000, 0x0000000712e00000, 0x0000000713000000|  0%| F|  |TAMS 0x0000000712e00000, 0x0000000712e00000| Untracked 
| 113|0x0000000713000000, 0x0000000713000000, 0x0000000713200000|  0%| F|  |TAMS 0x0000000713000000, 0x0000000713000000| Untracked 
| 114|0x0000000713200000, 0x0000000713200000, 0x0000000713400000|  0%| F|  |TAMS 0x0000000713200000, 0x0000000713200000| Untracked 
| 115|0x0000000713400000, 0x0000000713400000, 0x0000000713600000|  0%| F|  |TAMS 0x0000000713400000, 0x0000000713400000| Untracked 
| 116|0x0000000713600000, 0x0000000713600000, 0x0000000713800000|  0%| F|  |TAMS 0x0000000713600000, 0x0000000713600000| Untracked 
| 117|0x0000000713800000, 0x0000000713800000, 0x0000000713a00000|  0%| F|  |TAMS 0x0000000713800000, 0x0000000713800000| Untracked 
| 118|0x0000000713a00000, 0x0000000713a00000, 0x0000000713c00000|  0%| F|  |TAMS 0x0000000713a00000, 0x0000000713a00000| Untracked 
| 119|0x0000000713c00000, 0x0000000713c00000, 0x0000000713e00000|  0%| F|  |TAMS 0x0000000713c00000, 0x0000000713c00000| Untracked 
| 120|0x0000000713e00000, 0x0000000713e00000, 0x0000000714000000|  0%| F|  |TAMS 0x0000000713e00000, 0x0000000713e00000| Untracked 
| 121|0x0000000714000000, 0x0000000714000000, 0x0000000714200000|  0%| F|  |TAMS 0x0000000714000000, 0x0000000714000000| Untracked 
| 122|0x0000000714200000, 0x0000000714200000, 0x0000000714400000|  0%| F|  |TAMS 0x0000000714200000, 0x0000000714200000| Untracked 
| 123|0x0000000714400000, 0x0000000714400000, 0x0000000714600000|  0%| F|  |TAMS 0x0000000714400000, 0x0000000714400000| Untracked 
| 124|0x0000000714600000, 0x0000000714755bf0, 0x0000000714800000| 66%| E|  |TAMS 0x0000000714600000, 0x0000000714600000| Complete 
| 125|0x0000000714800000, 0x0000000714a00000, 0x0000000714a00000|100%| E|CS|TAMS 0x0000000714800000, 0x0000000714800000| Complete 

Card table byte_map: [0x0000024571740000,0x0000024571f20000] _byte_map_base: 0x000002456df19000

Marking Bits (Prev, Next): (CMBitMap*) 0x000002455e52aec0, (CMBitMap*) 0x000002455e52af00
 Prev Bits: [0x0000024572700000, 0x00000245765c8000)
 Next Bits: [0x00000245765d0000, 0x000002457a498000)

Polling page: 0x000002455c4b0000

Metaspace:

Usage:
  Non-class:      6.50 MB used.
      Class:    644.77 KB used.
       Both:      7.13 MB used.

Virtual space:
  Non-class space:        8.00 MB reserved,       6.62 MB ( 83%) committed,  1 nodes.
      Class space:        1.00 GB reserved,     704.00 KB ( <1%) committed,  1 nodes.
             Both:        1.01 GB reserved,       7.31 MB ( <1%) committed. 

Chunk freelists:
   Non-Class:  1018.00 KB
       Class:  3.23 MB
        Both:  4.23 MB

MaxMetaspaceSize: unlimited
CompressedClassSpaceSize: 1.00 GB
Initial GC threshold: 21.00 MB
Current GC threshold: 21.00 MB
CDS: off
MetaspaceReclaimPolicy: balanced
 - commit_granule_bytes: 65536.
 - commit_granule_words: 8192.
 - virtual_space_node_default_size: 1048576.
 - enlarge_chunks_in_place: 1.
 - new_chunks_are_fully_committed: 0.
 - uncommit_free_chunks: 1.
 - use_allocation_guard: 0.
 - handle_deallocations: 1.


Internal statistics:

num_allocs_failed_limit: 0.
num_arena_births: 10.
num_arena_deaths: 0.
num_vsnodes_births: 2.
num_vsnodes_deaths: 0.
num_space_committed: 117.
num_space_uncommitted: 0.
num_chunks_returned_to_freelist: 0.
num_chunks_taken_from_freelist: 33.
num_chunk_merges: 0.
num_chunk_splits: 15.
num_chunks_enlarged: 6.
num_purges: 0.
num_inconsistent_stats: 0.

CodeHeap 'non-profiled nmethods': size=120000Kb used=64Kb max_used=64Kb free=119935Kb
 bounds [0x0000024569700000, 0x0000024569970000, 0x0000024570c30000]
CodeHeap 'profiled nmethods': size=120000Kb used=343Kb max_used=343Kb free=119657Kb
 bounds [0x00000245621d0000, 0x0000024562440000, 0x0000024569700000]
CodeHeap 'non-nmethods': size=5760Kb used=1122Kb max_used=1122Kb free=4638Kb
 bounds [0x0000024561c30000, 0x0000024561ea0000, 0x00000245621d0000]
 total_blobs=607 nmethods=219 adapters=301
 compilation: enabled
              stopped_count=0, restarted_count=0
 full_count=0

Compilation events (20 events):
Event: 0.736 Thread 0x000002457d8a2c00  163       4       java.util.zip.ZipFile$Source::initCEN (591 bytes)
Event: 0.751 Thread 0x000002457d8a3500  164       3       java.lang.String::substring (58 bytes)
Event: 0.751 Thread 0x000002457d8a3500 nmethod 164 0x000002456220e410 code [0x000002456220e600, 0x000002456220eaa8]
Event: 0.761 Thread 0x000002457d8a3500  166       3       java.lang.String::getBytes (46 bytes)
Event: 0.761 Thread 0x000002457d8a3500 nmethod 166 0x000002456220ec90 code [0x000002456220ee60, 0x000002456220f178]
Event: 0.762 Thread 0x000002457d8a3500  167       3       jdk.internal.misc.Unsafe::putReferenceRelease (9 bytes)
Event: 0.762 Thread 0x000002457d8a3500 nmethod 167 0x000002456220f290 code [0x000002456220f420, 0x000002456220f598]
Event: 0.762 Thread 0x000002457d8a3500  169       3       java.util.concurrent.ConcurrentHashMap::setTabAt (20 bytes)
Event: 0.762 Thread 0x000002457d8a3500 nmethod 169 0x000002456220f610 code [0x000002456220f7c0, 0x000002456220f9e8]
Event: 0.772 Thread 0x000002457d8a3500  170       3       java.lang.String::lastIndexOf (29 bytes)
Event: 0.773 Thread 0x000002457d8a3500 nmethod 170 0x000002456220fa90 code [0x000002456220fc60, 0x000002456220ff18]
Event: 0.774 Thread 0x000002457d8a3500  171       3       java.lang.String::lastIndexOf (12 bytes)
Event: 0.774 Thread 0x000002457d8a3500 nmethod 171 0x0000024562210010 code [0x0000024562210200, 0x0000024562210618]
Event: 0.775 Thread 0x000002457d8a3500  172       3       java.util.Arrays::copyOf (19 bytes)
Event: 0.775 Thread 0x000002457d8a3500 nmethod 172 0x0000024562210790 code [0x0000024562210940, 0x0000024562210c28]
Event: 0.781 Thread 0x000002457d8a3500  174       3       java.lang.String::checkBoundsOffCount (64 bytes)
Event: 0.782 Thread 0x000002457d8a3500 nmethod 174 0x0000024562210d90 code [0x0000024562211020, 0x0000024562211918]
Event: 0.782 Thread 0x000002457d8a3500  176       3       java.lang.StringUTF16::compress (50 bytes)
Event: 0.782 Thread 0x000002457d8a3500 nmethod 176 0x0000024562211c90 code [0x0000024562211e40, 0x0000024562212098]
Event: 0.782 Thread 0x000002457d8a3500  177       3       java.io.DataInputStream::readUTF (501 bytes)

GC Heap History (0 events):
No events

Dll operation events (2 events):
Event: 0.018 Loaded shared library D:\lhq\JetBrains\IntelliJ IDEA 2022.3.2\jbr\bin\java.dll
Event: 0.673 Loaded shared library D:\lhq\JetBrains\IntelliJ IDEA 2022.3.2\jbr\bin\verify.dll

Deoptimization events (16 events):
Event: 0.211 Thread 0x000002455e4c0950 DEOPT PACKING pc=0x00000245621e960c sp=0x0000009a89bfa670
Event: 0.211 Thread 0x000002455e4c0950 DEOPT UNPACKING pc=0x0000024561c866e3 sp=0x0000009a89bf9b00 mode 0
Event: 0.213 Thread 0x000002455e4c0950 DEOPT PACKING pc=0x00000245621e960c sp=0x0000009a89bfa670
Event: 0.213 Thread 0x000002455e4c0950 DEOPT UNPACKING pc=0x0000024561c866e3 sp=0x0000009a89bf9b00 mode 0
Event: 0.215 Thread 0x000002455e4c0950 DEOPT PACKING pc=0x00000245621e960c sp=0x0000009a89bfa670
Event: 0.215 Thread 0x000002455e4c0950 DEOPT UNPACKING pc=0x0000024561c866e3 sp=0x0000009a89bf9b00 mode 0
Event: 0.335 Thread 0x000002455e4c0950 Uncommon trap: trap_request=0xffffff45 fr.pc=0x0000024569705df8 relative=0x0000000000000158
Event: 0.335 Thread 0x000002455e4c0950 Uncommon trap: reason=unstable_if action=reinterpret pc=0x0000024569705df8 method=java.util.zip.ZipFile$Source.isMetaName([BII)Z @ 3 c2
Event: 0.335 Thread 0x000002455e4c0950 DEOPT PACKING pc=0x0000024569705df8 sp=0x0000009a89bfa7a0
Event: 0.335 Thread 0x000002455e4c0950 DEOPT UNPACKING pc=0x0000024561c85ba3 sp=0x0000009a89bfa748 mode 2
Event: 0.736 Thread 0x000002455e4c0950 DEOPT PACKING pc=0x00000245621fbcce sp=0x0000009a89bfe1d0
Event: 0.736 Thread 0x000002455e4c0950 DEOPT UNPACKING pc=0x0000024561c866e3 sp=0x0000009a89bfd760 mode 0
Event: 0.747 Thread 0x000002455e4c0950 Uncommon trap: trap_request=0xffffff45 fr.pc=0x0000024569707970 relative=0x0000000000000870
Event: 0.747 Thread 0x000002455e4c0950 Uncommon trap: reason=unstable_if action=reinterpret pc=0x0000024569707970 method=java.util.zip.ZipFile$Source.initCEN(I)V @ 379 c2
Event: 0.747 Thread 0x000002455e4c0950 DEOPT PACKING pc=0x0000024569707970 sp=0x0000009a89bfe2c0
Event: 0.747 Thread 0x000002455e4c0950 DEOPT UNPACKING pc=0x0000024561c85ba3 sp=0x0000009a89bfe268 mode 2

Classes unloaded (0 events):
No events

Classes redefined (0 events):
No events

Internal exceptions (0 events):
No events

VM Operations (6 events):
Event: 0.567 Executing VM operation: HandshakeAllThreads
Event: 0.567 Executing VM operation: HandshakeAllThreads done
Event: 0.567 Executing VM operation: HandshakeAllThreads
Event: 0.567 Executing VM operation: HandshakeAllThreads done
Event: 0.766 Executing VM operation: HandshakeAllThreads
Event: 0.766 Executing VM operation: HandshakeAllThreads done

Events (20 events):
Event: 0.777 loading class java/text/DateFormat$Field
Event: 0.777 loading class java/text/Format$Field
Event: 0.777 loading class java/text/AttributedCharacterIterator$Attribute
Event: 0.778 loading class java/text/AttributedCharacterIterator$Attribute done
Event: 0.778 loading class java/text/Format$Field done
Event: 0.778 loading class java/text/DateFormat$Field done
Event: 0.778 loading class java/util/Locale$Category
Event: 0.778 loading class java/util/Locale$Category done
Event: 0.778 loading class java/util/Calendar
Event: 0.779 loading class java/util/Calendar done
Event: 0.779 loading class java/util/TimeZone
Event: 0.779 loading class java/util/TimeZone done
Event: 0.780 loading class sun/util/calendar/ZoneInfo
Event: 0.780 loading class sun/util/calendar/ZoneInfo done
Event: 0.780 loading class sun/util/calendar/ZoneInfoFile
Event: 0.780 loading class sun/util/calendar/ZoneInfoFile done
Event: 0.781 loading class sun/util/calendar/ZoneInfoFile$1
Event: 0.781 loading class sun/util/calendar/ZoneInfoFile$1 done
Event: 0.781 loading class java/io/DataInputStream
Event: 0.781 loading class java/io/DataInputStream done


Dynamic libraries:
0x00007ff600da0000 - 0x00007ff600daa000 	D:\lhq\JetBrains\IntelliJ IDEA 2022.3.2\jbr\bin\java.exe
0x00007ffd08470000 - 0x00007ffd08668000 	C:\Windows\SYSTEM32\ntdll.dll
0x00007ffd07b30000 - 0x00007ffd07bef000 	C:\Windows\System32\KERNEL32.DLL
0x00007ffd05e60000 - 0x00007ffd06132000 	C:\Windows\System32\KERNELBASE.dll
0x00007ffd05cc0000 - 0x00007ffd05dc0000 	C:\Windows\System32\ucrtbase.dll
0x00007ffd00300000 - 0x00007ffd00317000 	D:\lhq\JetBrains\IntelliJ IDEA 2022.3.2\jbr\bin\jli.dll
0x00007ffd06db0000 - 0x00007ffd06f51000 	C:\Windows\System32\USER32.dll
0x00007ffd06480000 - 0x00007ffd064a2000 	C:\Windows\System32\win32u.dll
0x00007ffd079c0000 - 0x00007ffd079eb000 	C:\Windows\System32\GDI32.dll
0x00007ffd05b60000 - 0x00007ffd05c6f000 	C:\Windows\System32\gdi32full.dll
0x00007ffd06350000 - 0x00007ffd063ed000 	C:\Windows\System32\msvcp_win.dll
0x00007ffcfc890000 - 0x00007ffcfc8ab000 	D:\lhq\JetBrains\IntelliJ IDEA 2022.3.2\jbr\bin\VCRUNTIME140.dll
0x00007ffce0ad0000 - 0x00007ffce0d6a000 	C:\Windows\WinSxS\amd64_microsoft.windows.common-controls_6595b64144ccf1df_6.0.19041.1110_none_60b5254171f9507e\COMCTL32.dll
0x00007ffd06fc0000 - 0x00007ffd0705e000 	C:\Windows\System32\msvcrt.dll
0x00007ffd07100000 - 0x00007ffd07132000 	C:\Windows\System32\IMM32.DLL
0x00007ffd006f0000 - 0x00007ffd006fc000 	D:\lhq\JetBrains\IntelliJ IDEA 2022.3.2\jbr\bin\vcruntime140_1.dll
0x00007ffce5f30000 - 0x00007ffce5fbd000 	D:\lhq\JetBrains\IntelliJ IDEA 2022.3.2\jbr\bin\msvcp140.dll
0x00007ffcc6780000 - 0x00007ffcc73eb000 	D:\lhq\JetBrains\IntelliJ IDEA 2022.3.2\jbr\bin\server\jvm.dll
0x00007ffd06d00000 - 0x00007ffd06dae000 	C:\Windows\System32\ADVAPI32.dll
0x00007ffd07060000 - 0x00007ffd070fc000 	C:\Windows\System32\sechost.dll
0x00007ffd07140000 - 0x00007ffd07265000 	C:\Windows\System32\RPCRT4.dll
0x00007ffcdd260000 - 0x00007ffcdd269000 	C:\Windows\SYSTEM32\WSOCK32.dll
0x00007ffd07820000 - 0x00007ffd0788b000 	C:\Windows\System32\WS2_32.dll
0x00007ffcdead0000 - 0x00007ffcdeaf7000 	C:\Windows\SYSTEM32\WINMM.dll
0x00007ffcfb060000 - 0x00007ffcfb06a000 	C:\Windows\SYSTEM32\VERSION.dll
0x00007ffd043b0000 - 0x00007ffd043c2000 	C:\Windows\SYSTEM32\kernel.appcore.dll
0x00007ffd00330000 - 0x00007ffd0033a000 	D:\lhq\JetBrains\IntelliJ IDEA 2022.3.2\jbr\bin\jimage.dll
0x00007ffd03930000 - 0x00007ffd03b14000 	C:\Windows\SYSTEM32\DBGHELP.DLL
0x00007ffce92b0000 - 0x00007ffce92e5000 	C:\Windows\SYSTEM32\dbgcore.DLL
0x00007ffd063f0000 - 0x00007ffd06472000 	C:\Windows\System32\bcryptPrimitives.dll
0x00007ffceb300000 - 0x00007ffceb325000 	D:\lhq\JetBrains\IntelliJ IDEA 2022.3.2\jbr\bin\java.dll
0x00007ffd002e0000 - 0x00007ffd002f8000 	D:\lhq\JetBrains\IntelliJ IDEA 2022.3.2\jbr\bin\zip.dll
0x00007ffd064b0000 - 0x00007ffd06bf5000 	C:\Windows\System32\SHELL32.dll
0x00007ffd03b20000 - 0x00007ffd042b2000 	C:\Windows\SYSTEM32\windows.storage.dll
0x00007ffd07fa0000 - 0x00007ffd082f5000 	C:\Windows\System32\combase.dll
0x00007ffd054e0000 - 0x00007ffd05510000 	C:\Windows\SYSTEM32\Wldp.dll
0x00007ffd08300000 - 0x00007ffd083ad000 	C:\Windows\System32\SHCORE.dll
0x00007ffd07bf0000 - 0x00007ffd07c45000 	C:\Windows\System32\shlwapi.dll
0x00007ffd05aa0000 - 0x00007ffd05abf000 	C:\Windows\SYSTEM32\profapi.dll
0x00007ffceb2e0000 - 0x00007ffceb2f9000 	D:\lhq\JetBrains\IntelliJ IDEA 2022.3.2\jbr\bin\net.dll
0x00007ffcff6c0000 - 0x00007ffcff7cc000 	C:\Windows\SYSTEM32\WINHTTP.dll
0x00007ffd05240000 - 0x00007ffd052aa000 	C:\Windows\system32\mswsock.dll
0x00007ffceb2c0000 - 0x00007ffceb2d6000 	D:\lhq\JetBrains\IntelliJ IDEA 2022.3.2\jbr\bin\nio.dll
0x00007ffceb2a0000 - 0x00007ffceb2b0000 	D:\lhq\JetBrains\IntelliJ IDEA 2022.3.2\jbr\bin\verify.dll

dbghelp: loaded successfully - version: 4.0.5 - missing functions: none
symbol engine: initialized successfully - sym options: 0x614 - pdb path: .;D:\lhq\JetBrains\IntelliJ IDEA 2022.3.2\jbr\bin;C:\Windows\SYSTEM32;C:\Windows\WinSxS\amd64_microsoft.windows.common-controls_6595b64144ccf1df_6.0.19041.1110_none_60b5254171f9507e;D:\lhq\JetBrains\IntelliJ IDEA 2022.3.2\jbr\bin\server

VM Arguments:
java_command: git4idea.http.GitAskPassApp Password for 'http://192.168.51.62': 
java_class_path (initial): D:/lhq/JetBrains/IntelliJ IDEA 2022.3.2/plugins/vcs-git/lib/git4idea-rt.jar;D:/lhq/JetBrains/IntelliJ IDEA 2022.3.2/lib/externalProcess-rt.jar;D:/lhq/JetBrains/IntelliJ IDEA 2022.3.2/lib/app.jar;D:/lhq/JetBrains/IntelliJ IDEA 2022.3.2/lib/3rd-party-rt.jar
Launcher Type: SUN_STANDARD

[Global flags]
     intx CICompilerCount                          = 4                                         {product} {ergonomic}
     uint ConcGCThreads                            = 2                                         {product} {ergonomic}
     uint G1ConcRefinementThreads                  = 8                                         {product} {ergonomic}
   size_t G1HeapRegionSize                         = 2097152                                   {product} {ergonomic}
    uintx GCDrainStackTargetSize                   = 64                                        {product} {ergonomic}
   size_t InitialHeapSize                          = 264241152                                 {product} {ergonomic}
   size_t MarkStackSize                            = 4194304                                   {product} {ergonomic}
   size_t MaxHeapSize                              = 4213178368                                {product} {ergonomic}
   size_t MaxNewSize                               = 2527068160                                {product} {ergonomic}
   size_t MinHeapDeltaBytes                        = 2097152                                   {product} {ergonomic}
   size_t MinHeapSize                              = 8388608                                   {product} {ergonomic}
    uintx NonNMethodCodeHeapSize                   = 5839372                                {pd product} {ergonomic}
    uintx NonProfiledCodeHeapSize                  = 122909434                              {pd product} {ergonomic}
    uintx ProfiledCodeHeapSize                     = 122909434                              {pd product} {ergonomic}
    uintx ReservedCodeCacheSize                    = 251658240                              {pd product} {ergonomic}
     bool SegmentedCodeCache                       = true                                      {product} {ergonomic}
   size_t SoftMaxHeapSize                          = 4213178368                             {manageable} {ergonomic}
     bool UseCompressedClassPointers               = true                           {product lp64_product} {ergonomic}
     bool UseCompressedOops                        = true                           {product lp64_product} {ergonomic}
     bool UseG1GC                                  = true                                      {product} {ergonomic}
     bool UseLargePagesIndividualAllocation        = false                                  {pd product} {ergonomic}

Logging:
Log output configuration:
 #0: stdout all=warning uptime,level,tags
 #1: stderr all=off uptime,level,tags

Environment Variables:
JAVA_HOME=E:\Program Files\Java\jdk1.8.0_311
CLASSPATH=.;E:\Program Files\Java\jdk1.8.0_311\lib\dt.jar;E:\Program Files\Java\jdk1.8.0_311\lib\tools.jar;
PATH=D:\lhq\Git\mingw64\libexec\git-core;D:\lhq\Git\mingw64\libexec\git-core;D:\lhq\Git\mingw64\bin;D:\lhq\Git\usr\bin;C:\Users\lihuaqiao\bin;D:\lhq\Python311\Scripts;D:\lhq\Python311;D:\lhq\python27;C:\Windows\system32;C:\Windows;C:\Windows\System32\Wbem;C:\Windows\System32\WindowsPowerShell\v1.0;C:\Windows\System32\OpenSSH;C:\Program Files (x86)\Microsoft SQL Server\Client SDK\ODBC\110\Tools\Binn;C:\Program Files (x86)\Microsoft SQL Server\120\Tools\Binn;C:\Program Files (x86)\Microsoft SQL Server\120\DTS\Binn;E:\lhq\nodejs;C:\Windows\Microsoft.NET\Framework\v4.0.30319;D:\lhq\Git\usr\bin;C:\Program Files\dotnet;C:\Windows\Microsoft.NET\Framework\v1.1.4322;E:\Program Files\Java\jdk1.8.0_311\bin;E:\Program Files\Java\jdk1.8.0_311\jre\bin;D:\lhq\apache-maven-3.8.6\bin;C:\minikube;D:\lhq\Xshell;D:\lhq\Xftp 7;C:\Users\lihuaqiao\Downloads\scrcpy-win64-v1.24;D:\lhq\MySQL\MySQL Server 8.0\bin;D:\lhq\apache-maven-3.8.6\bin;E:\Program Files\Java\jdk1.8.0_311\bi;E:\Program Files\Java\jdk1.8.0_311\jre\bin";D:\lhq\nodejs;D:\lhq\Yarn\bin;E:\lhq\love\php-8.1.9-Win32-vs16-x64;C:\Users\lihuaqiao\AppData\Local\Microsoft\WindowsApps;C:\program files\esafenet\cobra docguard client;D:\lhq\JetBrains\IntelliJ IDEA 2022.3.2\bin;D:\lhq\JetBrains\IntelliJ IDEA Community Edition 2021.1.3\bin;D:\lhq\Microsoft VS Code\bin;C:\Users\lihuaqiao\.dotnet\tools;D:\lhq\JetBrains\PyCharm Community Edition 2022.2.1\bin;C:\Users\lihuaqiao\AppData\Local\Pandoc;D:\lhq\JetBrains\PyCharm 2022.2.2\bin;C:\Users\lihuaqiao\AppData\Roaming\npm;C:\Users\lihuaqiao\AppData\Local\Yarn\bin;D:\lhq\JetBrains\CLion 2022.3.2\bin;C:\Program Files\SAP\EasyDmsInterface\Unicode
USERNAME=lihuaqiao
DISPLAY=:0.0
LC_ALL=en_US.UTF-8
TERM=xterm-256color
TMPDIR=C:\Users\LIHUAQ~1\AppData\Local\Temp
OS=Windows_NT
PROCESSOR_IDENTIFIER=Intel64 Family 6 Model 140 Stepping 1, GenuineIntel
TMP=C:\Users\LIHUAQ~1\AppData\Local\Temp
TEMP=C:\Users\LIHUAQ~1\AppData\Local\Temp



---------------  S Y S T E M  ---------------

OS:
 Windows 10 , 64 bit Build 19041 (10.0.19041.2546)
OS uptime: 3 days 1:57 hours

CPU: total 8 (initial active 8) (4 cores per cpu, 2 threads per core) family 6 model 140 stepping 1 microcode 0xa4, cx8, cmov, fxsr, ht, mmx, 3dnowpref, sse, sse2, sse3, ssse3, sse4.1, sse4.2, popcnt, lzcnt, tsc, tscinvbit, avx, avx2, aes, erms, clmul, bmi1, bmi2, adx, avx512f, avx512dq, avx512cd, avx512bw, avx512vl, sha, fma, vzeroupper, avx512_vpopcntdq, avx512_vpclmulqdq, avx512_vaes, avx512_vnni, clflush, clflushopt, clwb, avx512_vbmi2, avx512_vbmi

Memory: 4k page, system-wide physical 16064M (574M free)
TotalPageFile size 35189M (AvailPageFile size 4M)
current process WorkingSet (physical memory assigned to process): 56M, peak: 56M
current process commit charge ("private bytes"): 340M, peak: 340M

vm_info: OpenJDK 64-Bit Server VM (17.0.5+1-b653.25) for windows-amd64 JRE (17.0.5+1-b653.25), built on 2023-01-04 by "builduser" with MS VC++ 16.10 / 16.11 (VS2019)

END.
