#
# There is insufficient memory for the Java Runtime Environment to continue.
# Native memory allocation (mmap) failed to map 264241152 bytes for G1 virtual space
# Possible reasons:
#   The system is out of physical RAM or swap space
#   The process is running with CompressedOops enabled, and the Java Heap may be blocking the growth of the native heap
# Possible solutions:
#   Reduce memory load on the system
#   Increase physical memory or swap space
#   Check if swap backing store is full
#   Decrease Java heap size (-Xmx/-Xms)
#   Decrease number of Java threads
#   Decrease Java thread stack sizes (-Xss)
#   Set larger code cache with -XX:ReservedCodeCacheSize=
#   JVM is running with Zero Based Compressed Oops mode in which the Java heap is
#     placed in the first 32GB address space. The Java Heap base address is the
#     maximum limit for the native heap growth. Please use -XX:HeapBaseMinAddress
#     to set the Java Heap base and to place the Java Heap above 32GB virtual address.
# This output file may be truncated or incomplete.
#
#  Out of Memory Error (os_windows.cpp:3760), pid=21788, tid=10492
#
# JRE version:  (17.0.5+1) (build )
# Java VM: OpenJDK 64-Bit Server VM (17.0.5+1-b653.25, mixed mode, sharing, tiered, compressed oops, compressed class ptrs, g1 gc, windows-amd64)
# No core dump will be written. Minidumps are not enabled by default on client versions of Windows
#

---------------  S U M M A R Y ------------

Command Line: git4idea.http.GitAskPassApp Username for 'http://192.168.51.62': 

Host: 11th Gen Intel(R) Core(TM) i5-1135G7 @ 2.40GHz, 8 cores, 15G,  Windows 10 , 64 bit Build 19041 (10.0.19041.2546)
Time: Wed Mar  1 13:17:46 2023  Windows 10 , 64 bit Build 19041 (10.0.19041.2546) elapsed time: 0.010364 seconds (0d 0h 0m 0s)

---------------  T H R E A D  ---------------

Current thread (0x000001af9aa2f8e0):  JavaThread "Unknown thread" [_thread_in_vm, id=10492, stack(0x0000004f89c00000,0x0000004f89d00000)]

Stack: [0x0000004f89c00000,0x0000004f89d00000]
Native frames: (J=compiled Java code, j=interpreted, Vv=VM code, C=native code)
V  [jvm.dll+0x6830ca]
V  [jvm.dll+0x83f4c4]
V  [jvm.dll+0x840c6e]
V  [jvm.dll+0x8412d3]
V  [jvm.dll+0x2490b5]
V  [jvm.dll+0x67ff99]
V  [jvm.dll+0x6744aa]
V  [jvm.dll+0x308f2b]
V  [jvm.dll+0x3103e6]
V  [jvm.dll+0x36013e]
V  [jvm.dll+0x36036f]
V  [jvm.dll+0x2df018]
V  [jvm.dll+0x2dff84]
V  [jvm.dll+0x810d91]
V  [jvm.dll+0x36df31]
V  [jvm.dll+0x7f028c]
V  [jvm.dll+0x3f0cbf]
V  [jvm.dll+0x3f2801]
C  [jli.dll+0x526b]
C  [ucrtbase.dll+0x21bb2]
C  [KERNEL32.DLL+0x17614]
C  [ntdll.dll+0x526a1]


---------------  P R O C E S S  ---------------

Threads class SMR info:
_java_thread_list=0x00007ffa420e8f98, length=0, elements={
}

Java Threads: ( => current thread )

Other Threads:
  0x000001af9aa9cc70 GCTaskThread "GC Thread#0" [stack: 0x0000004f89d00000,0x0000004f89e00000] [id=29616]
  0x000001af9aaad560 ConcurrentGCThread "G1 Main Marker" [stack: 0x0000004f89e00000,0x0000004f89f00000] [id=10896]
  0x000001af9aaade10 ConcurrentGCThread "G1 Conc#0" [stack: 0x0000004f89f00000,0x0000004f8a000000] [id=12620]

[error occurred during error reporting (printing all threads), id 0xc0000005, EXCEPTION_ACCESS_VIOLATION (0xc0000005) at pc=0x00007ffa4189fbd7]

VM state: not at safepoint (not fully initialized)

VM Mutex/Monitor currently owned by a thread:  ([mutex/lock_event])
[0x000001af9aa2a810] Heap_lock - owner thread: 0x000001af9aa2f8e0

Heap address: 0x0000000704e00000, size: 4018 MB, Compressed Oops mode: Zero based, Oop shift amount: 3

CDS archive(s) mapped at: [0x0000000000000000-0x0000000000000000-0x0000000000000000), size 0, SharedBaseAddress: 0x0000000800000000, ArchiveRelocationMode: 0.
Narrow klass base: 0x0000000000000000, Narrow klass shift: 0, Narrow klass range: 0x0

GC Precious Log:
<Empty>

Heap:
 garbage-first heap   total 0K, used 0K [0x0000000704e00000, 0x0000000800000000)
  region size 2048K, 0 young (0K), 0 survivors (0K)

[error occurred during error reporting (printing heap information), id 0xc0000005, EXCEPTION_ACCESS_VIOLATION (0xc0000005) at pc=0x00007ffa41c8cd59]

GC Heap History (0 events):
No events

Dll operation events (1 events):
Event: 0.006 Loaded shared library D:\lhq\JetBrains\IntelliJ IDEA 2022.3.2\jbr\bin\java.dll

Deoptimization events (0 events):
No events

Classes unloaded (0 events):
No events

Classes redefined (0 events):
No events

Internal exceptions (0 events):
No events

VM Operations (0 events):
No events

Events (0 events):
No events


Dynamic libraries:
0x00007ff6fa430000 - 0x00007ff6fa43a000 	D:\lhq\JetBrains\IntelliJ IDEA 2022.3.2\jbr\bin\java.exe
0x00007ffacbb30000 - 0x00007ffacbd28000 	C:\Windows\SYSTEM32\ntdll.dll
0x00007ffacb730000 - 0x00007ffacb7ef000 	C:\Windows\System32\KERNEL32.DLL
0x00007ffac97c0000 - 0x00007ffac9a92000 	C:\Windows\System32\KERNELBASE.dll
0x00007ffac9250000 - 0x00007ffac9350000 	C:\Windows\System32\ucrtbase.dll
0x00007ffac03b0000 - 0x00007ffac03c7000 	D:\lhq\JetBrains\IntelliJ IDEA 2022.3.2\jbr\bin\jli.dll
0x00007ffa99550000 - 0x00007ffa9956b000 	D:\lhq\JetBrains\IntelliJ IDEA 2022.3.2\jbr\bin\VCRUNTIME140.dll
0x00007ffacb870000 - 0x00007ffacba11000 	C:\Windows\System32\USER32.dll
0x00007ffac9b40000 - 0x00007ffac9b62000 	C:\Windows\System32\win32u.dll
0x00007ffacafd0000 - 0x00007ffacaffb000 	C:\Windows\System32\GDI32.dll
0x00007ffac9350000 - 0x00007ffac945f000 	C:\Windows\System32\gdi32full.dll
0x00007ffaa4390000 - 0x00007ffaa462a000 	C:\Windows\WinSxS\amd64_microsoft.windows.common-controls_6595b64144ccf1df_6.0.19041.1110_none_60b5254171f9507e\COMCTL32.dll
0x00007ffac9aa0000 - 0x00007ffac9b3d000 	C:\Windows\System32\msvcp_win.dll
0x00007ffacab90000 - 0x00007ffacac2e000 	C:\Windows\System32\msvcrt.dll
0x00007ffacb210000 - 0x00007ffacb242000 	C:\Windows\System32\IMM32.DLL
0x00007ffaad3a0000 - 0x00007ffaad3ac000 	D:\lhq\JetBrains\IntelliJ IDEA 2022.3.2\jbr\bin\vcruntime140_1.dll
0x00007ffa85310000 - 0x00007ffa8539d000 	D:\lhq\JetBrains\IntelliJ IDEA 2022.3.2\jbr\bin\msvcp140.dll
0x00007ffa415b0000 - 0x00007ffa4221b000 	D:\lhq\JetBrains\IntelliJ IDEA 2022.3.2\jbr\bin\server\jvm.dll
0x00007ffac9e30000 - 0x00007ffac9ede000 	C:\Windows\System32\ADVAPI32.dll
0x00007ffacb000000 - 0x00007ffacb09c000 	C:\Windows\System32\sechost.dll
0x00007ffacaea0000 - 0x00007ffacafc5000 	C:\Windows\System32\RPCRT4.dll
0x00007ffaa3b00000 - 0x00007ffaa3b09000 	C:\Windows\SYSTEM32\WSOCK32.dll
0x00007ffacb250000 - 0x00007ffacb2bb000 	C:\Windows\System32\WS2_32.dll
0x00007ffabb7b0000 - 0x00007ffabb7ba000 	C:\Windows\SYSTEM32\VERSION.dll
0x00007ffaa2eb0000 - 0x00007ffaa2ed7000 	C:\Windows\SYSTEM32\WINMM.dll
0x00007ffac7a70000 - 0x00007ffac7a82000 	C:\Windows\SYSTEM32\kernel.appcore.dll
0x00007ffac3b40000 - 0x00007ffac3b4a000 	D:\lhq\JetBrains\IntelliJ IDEA 2022.3.2\jbr\bin\jimage.dll
0x00007ffac6ff0000 - 0x00007ffac71d4000 	C:\Windows\SYSTEM32\DBGHELP.DLL
0x00007ffab4540000 - 0x00007ffab4575000 	C:\Windows\SYSTEM32\dbgcore.DLL
0x00007ffac9730000 - 0x00007ffac97b2000 	C:\Windows\System32\bcryptPrimitives.dll
0x00007ffac03d0000 - 0x00007ffac03f5000 	D:\lhq\JetBrains\IntelliJ IDEA 2022.3.2\jbr\bin\java.dll

dbghelp: loaded successfully - version: 4.0.5 - missing functions: none
symbol engine: initialized successfully - sym options: 0x614 - pdb path: .;D:\lhq\JetBrains\IntelliJ IDEA 2022.3.2\jbr\bin;C:\Windows\SYSTEM32;C:\Windows\WinSxS\amd64_microsoft.windows.common-controls_6595b64144ccf1df_6.0.19041.1110_none_60b5254171f9507e;D:\lhq\JetBrains\IntelliJ IDEA 2022.3.2\jbr\bin\server

VM Arguments:
java_command: git4idea.http.GitAskPassApp Username for 'http://192.168.51.62': 
java_class_path (initial): D:/lhq/JetBrains/IntelliJ IDEA 2022.3.2/plugins/vcs-git/lib/git4idea-rt.jar;D:/lhq/JetBrains/IntelliJ IDEA 2022.3.2/lib/externalProcess-rt.jar;D:/lhq/JetBrains/IntelliJ IDEA 2022.3.2/lib/app.jar;D:/lhq/JetBrains/IntelliJ IDEA 2022.3.2/lib/3rd-party-rt.jar
Launcher Type: SUN_STANDARD

[Global flags]
     intx CICompilerCount                          = 4                                         {product} {ergonomic}
     uint ConcGCThreads                            = 2                                         {product} {ergonomic}
     uint G1ConcRefinementThreads                  = 8                                         {product} {ergonomic}
   size_t G1HeapRegionSize                         = 2097152                                   {product} {ergonomic}
    uintx GCDrainStackTargetSize                   = 64                                        {product} {ergonomic}
   size_t InitialHeapSize                          = 264241152                                 {product} {ergonomic}
   size_t MarkStackSize                            = 4194304                                   {product} {ergonomic}
   size_t MaxHeapSize                              = 4213178368                                {product} {ergonomic}
   size_t MinHeapDeltaBytes                        = 2097152                                   {product} {ergonomic}
   size_t MinHeapSize                              = 8388608                                   {product} {ergonomic}
    uintx NonNMethodCodeHeapSize                   = 5839372                                {pd product} {ergonomic}
    uintx NonProfiledCodeHeapSize                  = 122909434                              {pd product} {ergonomic}
    uintx ProfiledCodeHeapSize                     = 122909434                              {pd product} {ergonomic}
    uintx ReservedCodeCacheSize                    = 251658240                              {pd product} {ergonomic}
     bool SegmentedCodeCache                       = true                                      {product} {ergonomic}
   size_t SoftMaxHeapSize                          = 4213178368                             {manageable} {ergonomic}
     bool UseCompressedClassPointers               = true                           {product lp64_product} {ergonomic}
     bool UseCompressedOops                        = true                           {product lp64_product} {ergonomic}
     bool UseG1GC                                  = true                                      {product} {ergonomic}
     bool UseLargePagesIndividualAllocation        = false                                  {pd product} {ergonomic}

Logging:
Log output configuration:
 #0: stdout all=warning uptime,level,tags
 #1: stderr all=off uptime,level,tags

Environment Variables:
JAVA_HOME=E:\Program Files\Java\jdk1.8.0_311
CLASSPATH=.;E:\Program Files\Java\jdk1.8.0_311\lib\dt.jar;E:\Program Files\Java\jdk1.8.0_311\lib\tools.jar;
PATH=D:\lhq\Git\mingw64\libexec\git-core;D:\lhq\Git\mingw64\libexec\git-core;D:\lhq\Git\mingw64\bin;D:\lhq\Git\usr\bin;C:\Users\lihuaqiao\bin;D:\lhq\Python311\Scripts;D:\lhq\Python311;D:\lhq\python27;C:\Windows\system32;C:\Windows;C:\Windows\System32\Wbem;C:\Windows\System32\WindowsPowerShell\v1.0;C:\Windows\System32\OpenSSH;C:\Program Files (x86)\Microsoft SQL Server\Client SDK\ODBC\110\Tools\Binn;C:\Program Files (x86)\Microsoft SQL Server\120\Tools\Binn;C:\Program Files (x86)\Microsoft SQL Server\120\DTS\Binn;E:\lhq\nodejs;C:\Windows\Microsoft.NET\Framework\v4.0.30319;D:\lhq\Git\usr\bin;C:\Program Files\dotnet;C:\Windows\Microsoft.NET\Framework\v1.1.4322;E:\Program Files\Java\jdk1.8.0_311\bin;E:\Program Files\Java\jdk1.8.0_311\jre\bin;D:\lhq\apache-maven-3.8.6\bin;C:\minikube;D:\lhq\Xshell;D:\lhq\Xftp 7;C:\Users\lihuaqiao\Downloads\scrcpy-win64-v1.24;D:\lhq\MySQL\MySQL Server 8.0\bin;D:\lhq\apache-maven-3.8.6\bin;E:\Program Files\Java\jdk1.8.0_311\bi;E:\Program Files\Java\jdk1.8.0_311\jre\bin";D:\lhq\nodejs;D:\lhq\Yarn\bin;E:\lhq\love\php-8.1.9-Win32-vs16-x64;C:\Users\lihuaqiao\AppData\Local\Microsoft\WindowsApps;C:\program files\esafenet\cobra docguard client;D:\lhq\JetBrains\IntelliJ IDEA 2022.3.2\bin;D:\lhq\JetBrains\IntelliJ IDEA Community Edition 2021.1.3\bin;D:\lhq\Microsoft VS Code\bin;C:\Users\lihuaqiao\.dotnet\tools;D:\lhq\JetBrains\PyCharm Community Edition 2022.2.1\bin;C:\Users\lihuaqiao\AppData\Local\Pandoc;D:\lhq\JetBrains\PyCharm 2022.2.2\bin;C:\Users\lihuaqiao\AppData\Roaming\npm;C:\Users\lihuaqiao\AppData\Local\Yarn\bin;C:\Program Files\SAP\EasyDmsInterface\Unicode
USERNAME=lihuaqiao
DISPLAY=:0.0
LC_ALL=en_US.UTF-8
TERM=xterm-256color
TMPDIR=C:\Users\LIHUAQ~1\AppData\Local\Temp
OS=Windows_NT
PROCESSOR_IDENTIFIER=Intel64 Family 6 Model 140 Stepping 1, GenuineIntel
TMP=C:\Users\LIHUAQ~1\AppData\Local\Temp
TEMP=C:\Users\LIHUAQ~1\AppData\Local\Temp



---------------  S Y S T E M  ---------------

OS:
 Windows 10 , 64 bit Build 19041 (10.0.19041.2546)
OS uptime: 2 days 4:35 hours

CPU: total 8 (initial active 8) (4 cores per cpu, 2 threads per core) family 6 model 140 stepping 1 microcode 0xa4, cx8, cmov, fxsr, ht, mmx, 3dnowpref, sse, sse2, sse3, ssse3, sse4.1, sse4.2, popcnt, lzcnt, tsc, tscinvbit, avx, avx2, aes, erms, clmul, bmi1, bmi2, adx, avx512f, avx512dq, avx512cd, avx512bw, avx512vl, sha, fma, vzeroupper, avx512_vpopcntdq, avx512_vpclmulqdq, avx512_vaes, avx512_vnni, clflush, clflushopt, clwb, avx512_vbmi2, avx512_vbmi

Memory: 4k page, system-wide physical 16064M (2559M free)
TotalPageFile size 35189M (AvailPageFile size 216M)
current process WorkingSet (physical memory assigned to process): 10M, peak: 10M
current process commit charge ("private bytes"): 60M, peak: 312M

vm_info: OpenJDK 64-Bit Server VM (17.0.5+1-b653.25) for windows-amd64 JRE (17.0.5+1-b653.25), built on 2023-01-04 by "builduser" with MS VC++ 16.10 / 16.11 (VS2019)

END.
